<?xml version="1.0" encoding="UTF-8"?>
<testsuite xmlns:xsi="http://www.w3.org/2001/XMLSchema-instance" xsi:noNamespaceSchemaLocation="https://maven.apache.org/surefire/maven-surefire-plugin/xsd/surefire-test-report-3.0.xsd" version="3.0" name="org.ome.converter.service.validation.OmeZarrComplianceValidatorTest" time="0.42" tests="12" errors="0" skipped="0" failures="0">
  <properties>
[...]
</properties>
  <testcase name="testOirToOmeZarr04ConverterComplianceOutput(Path)" classname="org.ome.converter.service.validation.OmeZarrComplianceValidatorTest" time="0.135">
    <system-out><![CDATA[23:13:57.293 [main] INFO org.ome.converter.plugin.vsi.OmeZarrV04Writer -- Initialized OME-Zarr 0.4 (Zarr v2) dataset output directory at: C:\Users\LENOVO\AppData\Local\Temp\junit7923851524138107835\DATASET to OME-Zarr 0.4\oir_04.zarr
23:13:57.331 [main] INFO org.ome.converter.plugin.vsi.OmeZarrV04Writer -- Wrote Zarr v2 root .zattrs metadata to C:\Users\LENOVO\AppData\Local\Temp\junit7923851524138107835\DATASET to OME-Zarr 0.4\oir_04.zarr\.zattrs
23:13:57.335 [main] INFO org.ome.converter.plugin.vsi.OmeZarrV04Writer -- Wrote Zarr v2 pyramid level 0 array metadata (.zarray) to C:\Users\LENOVO\AppData\Local\Temp\junit7923851524138107835\DATASET to OME-Zarr 0.4\oir_04.zarr\0\.zarray
23:13:57.336 [main] INFO org.ome.converter.service.validation.OmeZarrComplianceService -- Starting OME-Zarr compliance validation for dataset at C:\Users\LENOVO\AppData\Local\Temp\junit7923851524138107835\DATASET to OME-Zarr 0.4\oir_04.zarr
23:13:57.373 [main] INFO org.ome.converter.service.validation.report.ComplianceReportGenerator -- Generated HTML OME-Zarr compliance report at C:\Users\LENOVO\AppData\Local\Temp\junit7923851524138107835\DATASET to OME-Zarr 0.4\oir_04.zarr\oir_04.zarr_compliance_report.html
23:13:57.376 [main] INFO org.ome.converter.service.validation.OmeZarrComplianceService -- Finished compliance check for oir_04.zarr. Overall Status: PASS, Errors: 0, Warnings: 0, Info: 4
]]></system-out>
  </testcase>
  <testcase name="testOirToOmeZarr05ConverterComplianceOutput(Path)" classname="org.ome.converter.service.validation.OmeZarrComplianceValidatorTest" time="0.035">
    <system-out><![CDATA[23:13:57.398 [main] INFO org.ome.converter.plugin.vsi.OmeZarrV05Writer -- Initialized OME-Zarr 0.5 (Zarr v3) dataset output directory at: C:\Users\LENOVO\AppData\Local\Temp\junit9599828028078217347\DATASET to OME-Zarr 0.5\oir_05.zarr
23:13:57.405 [main] INFO org.ome.converter.plugin.vsi.OmeZarrV05Writer -- Wrote Zarr v3 root node metadata to C:\Users\LENOVO\AppData\Local\Temp\junit9599828028078217347\DATASET to OME-Zarr 0.5\oir_05.zarr\zarr.json
23:13:57.408 [main] INFO org.ome.converter.plugin.vsi.OmeZarrV05Writer -- Wrote pyramid level 0 array metadata to C:\Users\LENOVO\AppData\Local\Temp\junit9599828028078217347\DATASET to OME-Zarr 0.5\oir_05.zarr\0\zarr.json
23:13:57.408 [main] INFO org.ome.converter.service.validation.OmeZarrComplianceService -- Starting OME-Zarr compliance validation for dataset at C:\Users\LENOVO\AppData\Local\Temp\junit9599828028078217347\DATASET to OME-Zarr 0.5\oir_05.zarr
23:13:57.420 [main] INFO org.ome.converter.service.validation.report.ComplianceReportGenerator -- Generated HTML OME-Zarr compliance report at C:\Users\LENOVO\AppData\Local\Temp\junit9599828028078217347\DATASET to OME-Zarr 0.5\oir_05.zarr\oir_05.zarr_compliance_report.html
23:13:57.420 [main] INFO org.ome.converter.service.validation.OmeZarrComplianceService -- Finished compliance check for oir_05.zarr. Overall Status: PASS, Errors: 0, Warnings: 0, Info: 4
]]></system-out>
  </testcase>
  <testcase name="testValidOmeZarrV04(Path)" classname="org.ome.converter.service.validation.OmeZarrComplianceValidatorTest" time="0.024">
    <system-out><![CDATA[23:13:57.440 [main] INFO org.ome.converter.service.validation.OmeZarrComplianceService -- Starting OME-Zarr compliance validation for dataset at C:\Users\LENOVO\AppData\Local\Temp\junit2756407735633628291\valid_v04.ome.zarr
23:13:57.446 [main] INFO org.ome.converter.service.validation.report.ComplianceReportGenerator -- Generated HTML OME-Zarr compliance report at C:\Users\LENOVO\AppData\Local\Temp\junit2756407735633628291\valid_v04.ome.zarr\valid_v04.ome.zarr_compliance_report.html
23:13:57.446 [main] INFO org.ome.converter.service.validation.OmeZarrComplianceService -- Finished compliance check for valid_v04.ome.zarr. Overall Status: PASS, Errors: 0, Warnings: 0, Info: 5
]]></system-out>
  </testcase>
  <testcase name="testValidOmeZarrV05(Path)" classname="org.ome.converter.service.validation.OmeZarrComplianceValidatorTest" time="0.02">
    <system-out><![CDATA[23:13:57.461 [main] INFO org.ome.converter.service.validation.OmeZarrComplianceService -- Starting OME-Zarr compliance validation for dataset at C:\Users\LENOVO\AppData\Local\Temp\junit1744933926394055903\valid_v05.ome.zarr
23:13:57.469 [main] INFO org.ome.converter.service.validation.report.ComplianceReportGenerator -- Generated HTML OME-Zarr compliance report at C:\Users\LENOVO\AppData\Local\Temp\junit1744933926394055903\valid_v05.ome.zarr\valid_v05.ome.zarr_compliance_report.html
23:13:57.469 [main] INFO org.ome.converter.service.validation.OmeZarrComplianceService -- Finished compliance check for valid_v05.ome.zarr. Overall Status: PASS, Errors: 0, Warnings: 0, Info: 5
]]></system-out>
  </testcase>
  <testcase name="testInvalidOmeZarrV05MissingZarrJson(Path)" classname="org.ome.converter.service.validation.OmeZarrComplianceValidatorTest" time="0.012">
    <system-out><![CDATA[23:13:57.480 [main] INFO org.ome.converter.service.validation.OmeZarrComplianceService -- Starting OME-Zarr compliance validation for dataset at C:\Users\LENOVO\AppData\Local\Temp\junit3378853115908530606\missing_zarr_json.ome.zarr
23:13:57.482 [main] INFO org.ome.converter.service.validation.report.ComplianceReportGenerator -- Generated HTML OME-Zarr compliance report at C:\Users\LENOVO\AppData\Local\Temp\junit3378853115908530606\missing_zarr_json.ome.zarr\missing_zarr_json.ome.zarr_compliance_report.html
23:13:57.483 [main] INFO org.ome.converter.service.validation.OmeZarrComplianceService -- Finished compliance check for missing_zarr_json.ome.zarr. Overall Status: UNKNOWN, Errors: 1, Warnings: 0, Info: 0
]]></system-out>
  </testcase>
  <testcase name="testConflictingVersionMetadata(Path)" classname="org.ome.converter.service.validation.OmeZarrComplianceValidatorTest" time="0.013">
    <system-out><![CDATA[23:13:57.495 [main] INFO org.ome.converter.service.validation.OmeZarrComplianceService -- Starting OME-Zarr compliance validation for dataset at C:\Users\LENOVO\AppData\Local\Temp\junit11527633796919514154\conflict.ome.zarr
23:13:57.496 [main] WARN org.ome.converter.service.validation.OmeZarrVersionDetector -- Conflicting OME-Zarr versions detected in C:\Users\LENOVO\AppData\Local\Temp\junit11527633796919514154\conflict.ome.zarr: [0.4, 0.5]
23:13:57.497 [main] INFO org.ome.converter.service.validation.report.ComplianceReportGenerator -- Generated HTML OME-Zarr compliance report at C:\Users\LENOVO\AppData\Local\Temp\junit11527633796919514154\conflict.ome.zarr\conflict.ome.zarr_compliance_report.html
23:13:57.497 [main] INFO org.ome.converter.service.validation.OmeZarrComplianceService -- Finished compliance check for conflict.ome.zarr. Overall Status: VERSION_CONFLICT, Errors: 1, Warnings: 0, Info: 0
]]></system-out>
  </testcase>
  <testcase name="testAxisDimensionMismatch(Path)" classname="org.ome.converter.service.validation.OmeZarrComplianceValidatorTest" time="0.03">
    <system-out><![CDATA[23:13:57.512 [main] INFO org.ome.converter.service.validation.OmeZarrComplianceService -- Starting OME-Zarr compliance validation for dataset at C:\Users\LENOVO\AppData\Local\Temp\junit5491515677035374493\axis_mismatch.ome.zarr
23:13:57.521 [main] INFO org.ome.converter.service.validation.report.ComplianceReportGenerator -- Generated HTML OME-Zarr compliance report at C:\Users\LENOVO\AppData\Local\Temp\junit5491515677035374493\axis_mismatch.ome.zarr\axis_mismatch.ome.zarr_compliance_report.html
23:13:57.521 [main] INFO org.ome.converter.service.validation.OmeZarrComplianceService -- Finished compliance check for axis_mismatch.ome.zarr. Overall Status: FAIL, Errors: 2, Warnings: 1, Info: 5
]]></system-out>
  </testcase>
  <testcase name="testInvalidCoordinateTransformation(Path)" classname="org.ome.converter.service.validation.OmeZarrComplianceValidatorTest" time="0.024">
    <system-out><![CDATA[23:13:57.544 [main] INFO org.ome.converter.service.validation.OmeZarrComplianceService -- Starting OME-Zarr compliance validation for dataset at C:\Users\LENOVO\AppData\Local\Temp\junit16708340595799145693\invalid_transform.ome.zarr
23:13:57.559 [main] INFO org.ome.converter.service.validation.report.ComplianceReportGenerator -- Generated HTML OME-Zarr compliance report at C:\Users\LENOVO\AppData\Local\Temp\junit16708340595799145693\invalid_transform.ome.zarr\invalid_transform.ome.zarr_compliance_report.html
23:13:57.559 [main] INFO org.ome.converter.service.validation.OmeZarrComplianceService -- Finished compliance check for invalid_transform.ome.zarr. Overall Status: FAIL, Errors: 2, Warnings: 2, Info: 5
]]></system-out>
  </testcase>
  <testcase name="testDatasetWithWarningsAndAbsentOptionalMetadata(Path)" classname="org.ome.converter.service.validation.OmeZarrComplianceValidatorTest" time="0.017">
    <system-out><![CDATA[23:13:57.574 [main] INFO org.ome.converter.service.validation.OmeZarrComplianceService -- Starting OME-Zarr compliance validation for dataset at C:\Users\LENOVO\AppData\Local\Temp\junit5022637896660684427\warnings.ome.zarr
23:13:57.578 [main] INFO org.ome.converter.service.validation.report.ComplianceReportGenerator -- Generated HTML OME-Zarr compliance report at C:\Users\LENOVO\AppData\Local\Temp\junit5022637896660684427\warnings.ome.zarr\warnings.ome.zarr_compliance_report.html
23:13:57.578 [main] INFO org.ome.converter.service.validation.OmeZarrComplianceService -- Finished compliance check for warnings.ome.zarr. Overall Status: WARNING, Errors: 0, Warnings: 5, Info: 5
]]></system-out>
  </testcase>
  <testcase name="testVsiToOmeZarr04ConverterComplianceOutput(Path)" classname="org.ome.converter.service.validation.OmeZarrComplianceValidatorTest" time="0.022">
    <system-out><![CDATA[23:13:57.588 [main] INFO org.ome.converter.plugin.vsi.OmeZarrV04Writer -- Initialized OME-Zarr 0.4 (Zarr v2) dataset output directory at: C:\Users\LENOVO\AppData\Local\Temp\junit13338880572461998389\DATASET to OME-Zarr 0.4\vsi_04.zarr
23:13:57.593 [main] INFO org.ome.converter.plugin.vsi.OmeZarrV04Writer -- Wrote Zarr v2 root .zattrs metadata to C:\Users\LENOVO\AppData\Local\Temp\junit13338880572461998389\DATASET to OME-Zarr 0.4\vsi_04.zarr\.zattrs
23:13:57.596 [main] INFO org.ome.converter.plugin.vsi.OmeZarrV04Writer -- Wrote Zarr v2 pyramid level 0 array metadata (.zarray) to C:\Users\LENOVO\AppData\Local\Temp\junit13338880572461998389\DATASET to OME-Zarr 0.4\vsi_04.zarr\0\.zarray
23:13:57.596 [main] INFO org.ome.converter.service.validation.OmeZarrComplianceService -- Starting OME-Zarr compliance validation for dataset at C:\Users\LENOVO\AppData\Local\Temp\junit13338880572461998389\DATASET to OME-Zarr 0.4\vsi_04.zarr
23:13:57.601 [main] INFO org.ome.converter.service.validation.report.ComplianceReportGenerator -- Generated HTML OME-Zarr compliance report at C:\Users\LENOVO\AppData\Local\Temp\junit13338880572461998389\DATASET to OME-Zarr 0.4\vsi_04.zarr\vsi_04.zarr_compliance_report.html
23:13:57.601 [main] INFO org.ome.converter.service.validation.OmeZarrComplianceService -- Finished compliance check for vsi_04.zarr. Overall Status: PASS, Errors: 0, Warnings: 0, Info: 4
]]></system-out>
  </testcase>
  <testcase name="testVsiToOmeZarr05ConverterComplianceOutput(Path)" classname="org.ome.converter.service.validation.OmeZarrComplianceValidatorTest" time="0.017">
    <system-out><![CDATA[23:13:57.608 [main] INFO org.ome.converter.plugin.vsi.OmeZarrV05Writer -- Initialized OME-Zarr 0.5 (Zarr v3) dataset output directory at: C:\Users\LENOVO\AppData\Local\Temp\junit15610791004593904283\DATASET to OME-Zarr 0.5\vsi_05.zarr
23:13:57.612 [main] INFO org.ome.converter.plugin.vsi.OmeZarrV05Writer -- Wrote Zarr v3 root node metadata to C:\Users\LENOVO\AppData\Local\Temp\junit15610791004593904283\DATASET to OME-Zarr 0.5\vsi_05.zarr\zarr.json
23:13:57.613 [main] INFO org.ome.converter.plugin.vsi.OmeZarrV05Writer -- Wrote pyramid level 0 array metadata to C:\Users\LENOVO\AppData\Local\Temp\junit15610791004593904283\DATASET to OME-Zarr 0.5\vsi_05.zarr\0\zarr.json
23:13:57.613 [main] INFO org.ome.converter.service.validation.OmeZarrComplianceService -- Starting OME-Zarr compliance validation for dataset at C:\Users\LENOVO\AppData\Local\Temp\junit15610791004593904283\DATASET to OME-Zarr 0.5\vsi_05.zarr
23:13:57.620 [main] INFO org.ome.converter.service.validation.report.ComplianceReportGenerator -- Generated HTML OME-Zarr compliance report at C:\Users\LENOVO\AppData\Local\Temp\junit15610791004593904283\DATASET to OME-Zarr 0.5\vsi_05.zarr\vsi_05.zarr_compliance_report.html
23:13:57.621 [main] INFO org.ome.converter.service.validation.OmeZarrComplianceService -- Finished compliance check for vsi_05.zarr. Overall Status: PASS, Errors: 0, Warnings: 0, Info: 4
]]></system-out>
  </testcase>
  <testcase name="testInvalidOmeZarrV04MissingDatasetPath(Path)" classname="org.ome.converter.service.validation.OmeZarrComplianceValidatorTest" time="0.015">
    <system-out><![CDATA[23:13:57.631 [main] INFO org.ome.converter.service.validation.OmeZarrComplianceService -- Starting OME-Zarr compliance validation for dataset at C:\Users\LENOVO\AppData\Local\Temp\junit5346750450434265976\invalid_v04.ome.zarr
23:13:57.638 [main] INFO org.ome.converter.service.validation.report.ComplianceReportGenerator -- Generated HTML OME-Zarr compliance report at C:\Users\LENOVO\AppData\Local\Temp\junit5346750450434265976\invalid_v04.ome.zarr\invalid_v04.ome.zarr_compliance_report.html
23:13:57.638 [main] INFO org.ome.converter.service.validation.OmeZarrComplianceService -- Finished compliance check for invalid_v04.ome.zarr. Overall Status: FAIL, Errors: 3, Warnings: 2, Info: 5
]]></system-out>
  </testcase>
</testsuite>