<?xml version="1.0" encoding="UTF-8"?>
<testsuite xmlns:xsi="http://www.w3.org/2001/XMLSchema-instance" xsi:noNamespaceSchemaLocation="https://maven.apache.org/surefire/maven-surefire-plugin/xsd/surefire-test-report-3.0.xsd" version="3.0" name="org.ome.converter.service.validation.OmeZarrComplianceValidatorTest" time="0.328" tests="12" errors="0" skipped="0" failures="0">
  <properties>
[...]
</properties>
  <testcase name="testOirToOmeZarr04ConverterComplianceOutput(Path)" classname="org.ome.converter.service.validation.OmeZarrComplianceValidatorTest" time="0.088">
    <system-out><![CDATA[00:38:09.301 [main] INFO org.ome.converter.plugin.vsi.OmeZarrV04Writer -- Initialized OME-Zarr 0.4 (Zarr v2) dataset output directory at: C:\Users\LENOVO\AppData\Local\Temp\junit15845974042340467924\oir_04.zarr
00:38:09.327 [main] INFO org.ome.converter.plugin.vsi.OmeZarrV04Writer -- Wrote Zarr v2 root .zattrs metadata to C:\Users\LENOVO\AppData\Local\Temp\junit15845974042340467924\oir_04.zarr\.zattrs
00:38:09.331 [main] INFO org.ome.converter.plugin.vsi.OmeZarrV04Writer -- Wrote Zarr v2 pyramid level 0 array metadata (.zarray) to C:\Users\LENOVO\AppData\Local\Temp\junit15845974042340467924\oir_04.zarr\0\.zarray
00:38:09.332 [main] INFO org.ome.converter.service.validation.OmeZarrComplianceService -- Starting OME-Zarr compliance validation for dataset at C:\Users\LENOVO\AppData\Local\Temp\junit15845974042340467924\oir_04.zarr
00:38:09.363 [main] INFO org.ome.converter.service.validation.report.ComplianceReportGenerator -- Generated HTML OME-Zarr compliance report at C:\Users\LENOVO\AppData\Local\Temp\junit15845974042340467924\oir_04.zarr\oir_04.zarr_compliance_report.html
00:38:09.364 [main] INFO org.ome.converter.service.validation.OmeZarrComplianceService -- Finished compliance check for oir_04.zarr. Overall Status: PASS, Errors: 0, Warnings: 0, Info: 4
]]></system-out>
  </testcase>
  <testcase name="testOirToOmeZarr05ConverterComplianceOutput(Path)" classname="org.ome.converter.service.validation.OmeZarrComplianceValidatorTest" time="0.028">
    <system-out><![CDATA[00:38:09.383 [main] INFO org.ome.converter.plugin.vsi.OmeZarrV05Writer -- Initialized OME-Zarr 0.5 (Zarr v3) dataset output directory at: C:\Users\LENOVO\AppData\Local\Temp\junit3577394155409696064\oir_05.zarr
00:38:09.386 [main] INFO org.ome.converter.plugin.vsi.OmeZarrV05Writer -- Wrote Zarr v3 root node metadata to C:\Users\LENOVO\AppData\Local\Temp\junit3577394155409696064\oir_05.zarr\zarr.json
00:38:09.388 [main] INFO org.ome.converter.plugin.vsi.OmeZarrV05Writer -- Wrote pyramid level 0 array metadata to C:\Users\LENOVO\AppData\Local\Temp\junit3577394155409696064\oir_05.zarr\0\zarr.json
00:38:09.388 [main] INFO org.ome.converter.service.validation.OmeZarrComplianceService -- Starting OME-Zarr compliance validation for dataset at C:\Users\LENOVO\AppData\Local\Temp\junit3577394155409696064\oir_05.zarr
00:38:09.401 [main] INFO org.ome.converter.service.validation.report.ComplianceReportGenerator -- Generated HTML OME-Zarr compliance report at C:\Users\LENOVO\AppData\Local\Temp\junit3577394155409696064\oir_05.zarr\oir_05.zarr_compliance_report.html
00:38:09.401 [main] INFO org.ome.converter.service.validation.OmeZarrComplianceService -- Finished compliance check for oir_05.zarr. Overall Status: PASS, Errors: 0, Warnings: 0, Info: 4
]]></system-out>
  </testcase>
  <testcase name="testValidOmeZarrV04(Path)" classname="org.ome.converter.service.validation.OmeZarrComplianceValidatorTest" time="0.02">
    <system-out><![CDATA[00:38:09.415 [main] INFO org.ome.converter.service.validation.OmeZarrComplianceService -- Starting OME-Zarr compliance validation for dataset at C:\Users\LENOVO\AppData\Local\Temp\junit14441042219131184697\valid_v04.ome.zarr
00:38:09.420 [main] INFO org.ome.converter.service.validation.report.ComplianceReportGenerator -- Generated HTML OME-Zarr compliance report at C:\Users\LENOVO\AppData\Local\Temp\junit14441042219131184697\valid_v04.ome.zarr\valid_v04.ome.zarr_compliance_report.html
00:38:09.421 [main] INFO org.ome.converter.service.validation.OmeZarrComplianceService -- Finished compliance check for valid_v04.ome.zarr. Overall Status: PASS, Errors: 0, Warnings: 0, Info: 5
]]></system-out>
  </testcase>
  <testcase name="testValidOmeZarrV05(Path)" classname="org.ome.converter.service.validation.OmeZarrComplianceValidatorTest" time="0.018">
    <system-out><![CDATA[00:38:09.437 [main] INFO org.ome.converter.service.validation.OmeZarrComplianceService -- Starting OME-Zarr compliance validation for dataset at C:\Users\LENOVO\AppData\Local\Temp\junit10896040777352214046\valid_v05.ome.zarr
00:38:09.442 [main] INFO org.ome.converter.service.validation.report.ComplianceReportGenerator -- Generated HTML OME-Zarr compliance report at C:\Users\LENOVO\AppData\Local\Temp\junit10896040777352214046\valid_v05.ome.zarr\valid_v05.ome.zarr_compliance_report.html
00:38:09.442 [main] INFO org.ome.converter.service.validation.OmeZarrComplianceService -- Finished compliance check for valid_v05.ome.zarr. Overall Status: PASS, Errors: 0, Warnings: 0, Info: 5
]]></system-out>
  </testcase>
  <testcase name="testInvalidOmeZarrV05MissingZarrJson(Path)" classname="org.ome.converter.service.validation.OmeZarrComplianceValidatorTest" time="0.008">
    <system-out><![CDATA[00:38:09.452 [main] INFO org.ome.converter.service.validation.OmeZarrComplianceService -- Starting OME-Zarr compliance validation for dataset at C:\Users\LENOVO\AppData\Local\Temp\junit13176786138059938345\missing_zarr_json.ome.zarr
00:38:09.454 [main] INFO org.ome.converter.service.validation.report.ComplianceReportGenerator -- Generated HTML OME-Zarr compliance report at C:\Users\LENOVO\AppData\Local\Temp\junit13176786138059938345\missing_zarr_json.ome.zarr\missing_zarr_json.ome.zarr_compliance_report.html
00:38:09.454 [main] INFO org.ome.converter.service.validation.OmeZarrComplianceService -- Finished compliance check for missing_zarr_json.ome.zarr. Overall Status: UNKNOWN, Errors: 1, Warnings: 0, Info: 0
]]></system-out>
  </testcase>
  <testcase name="testConflictingVersionMetadata(Path)" classname="org.ome.converter.service.validation.OmeZarrComplianceValidatorTest" time="0.01">
    <system-out><![CDATA[00:38:09.463 [main] INFO org.ome.converter.service.validation.OmeZarrComplianceService -- Starting OME-Zarr compliance validation for dataset at C:\Users\LENOVO\AppData\Local\Temp\junit15798024339387878671\conflict.ome.zarr
00:38:09.464 [main] WARN org.ome.converter.service.validation.OmeZarrVersionDetector -- Conflicting OME-Zarr versions detected in C:\Users\LENOVO\AppData\Local\Temp\junit15798024339387878671\conflict.ome.zarr: [0.4, 0.5]
00:38:09.466 [main] INFO org.ome.converter.service.validation.report.ComplianceReportGenerator -- Generated HTML OME-Zarr compliance report at C:\Users\LENOVO\AppData\Local\Temp\junit15798024339387878671\conflict.ome.zarr\conflict.ome.zarr_compliance_report.html
00:38:09.466 [main] INFO org.ome.converter.service.validation.OmeZarrComplianceService -- Finished compliance check for conflict.ome.zarr. Overall Status: VERSION_CONFLICT, Errors: 1, Warnings: 0, Info: 0
]]></system-out>
  </testcase>
  <testcase name="testAxisDimensionMismatch(Path)" classname="org.ome.converter.service.validation.OmeZarrComplianceValidatorTest" time="0.029">
    <system-out><![CDATA[00:38:09.477 [main] INFO org.ome.converter.service.validation.OmeZarrComplianceService -- Starting OME-Zarr compliance validation for dataset at C:\Users\LENOVO\AppData\Local\Temp\junit13826857844079889254\axis_mismatch.ome.zarr
00:38:09.484 [main] INFO org.ome.converter.service.validation.report.ComplianceReportGenerator -- Generated HTML OME-Zarr compliance report at C:\Users\LENOVO\AppData\Local\Temp\junit13826857844079889254\axis_mismatch.ome.zarr\axis_mismatch.ome.zarr_compliance_report.html
00:38:09.484 [main] INFO org.ome.converter.service.validation.OmeZarrComplianceService -- Finished compliance check for axis_mismatch.ome.zarr. Overall Status: FAIL, Errors: 2, Warnings: 1, Info: 5
]]></system-out>
  </testcase>
  <testcase name="testInvalidCoordinateTransformation(Path)" classname="org.ome.converter.service.validation.OmeZarrComplianceValidatorTest" time="0.025">
    <system-out><![CDATA[00:38:09.507 [main] INFO org.ome.converter.service.validation.OmeZarrComplianceService -- Starting OME-Zarr compliance validation for dataset at C:\Users\LENOVO\AppData\Local\Temp\junit705398402301776214\invalid_transform.ome.zarr
00:38:09.522 [main] INFO org.ome.converter.service.validation.report.ComplianceReportGenerator -- Generated HTML OME-Zarr compliance report at C:\Users\LENOVO\AppData\Local\Temp\junit705398402301776214\invalid_transform.ome.zarr\invalid_transform.ome.zarr_compliance_report.html
00:38:09.522 [main] INFO org.ome.converter.service.validation.OmeZarrComplianceService -- Finished compliance check for invalid_transform.ome.zarr. Overall Status: FAIL, Errors: 2, Warnings: 2, Info: 5
]]></system-out>
  </testcase>
  <testcase name="testDatasetWithWarningsAndAbsentOptionalMetadata(Path)" classname="org.ome.converter.service.validation.OmeZarrComplianceValidatorTest" time="0.014">
    <system-out><![CDATA[00:38:09.533 [main] INFO org.ome.converter.service.validation.OmeZarrComplianceService -- Starting OME-Zarr compliance validation for dataset at C:\Users\LENOVO\AppData\Local\Temp\junit1843270559954868498\warnings.ome.zarr
00:38:09.538 [main] INFO org.ome.converter.service.validation.report.ComplianceReportGenerator -- Generated HTML OME-Zarr compliance report at C:\Users\LENOVO\AppData\Local\Temp\junit1843270559954868498\warnings.ome.zarr\warnings.ome.zarr_compliance_report.html
00:38:09.538 [main] INFO org.ome.converter.service.validation.OmeZarrComplianceService -- Finished compliance check for warnings.ome.zarr. Overall Status: WARNING, Errors: 0, Warnings: 5, Info: 5
]]></system-out>
  </testcase>
  <testcase name="testVsiToOmeZarr04ConverterComplianceOutput(Path)" classname="org.ome.converter.service.validation.OmeZarrComplianceValidatorTest" time="0.019">
    <system-out><![CDATA[00:38:09.547 [main] INFO org.ome.converter.plugin.vsi.OmeZarrV04Writer -- Initialized OME-Zarr 0.4 (Zarr v2) dataset output directory at: C:\Users\LENOVO\AppData\Local\Temp\junit3875028735007448836\vsi_04.zarr
00:38:09.550 [main] INFO org.ome.converter.plugin.vsi.OmeZarrV04Writer -- Wrote Zarr v2 root .zattrs metadata to C:\Users\LENOVO\AppData\Local\Temp\junit3875028735007448836\vsi_04.zarr\.zattrs
00:38:09.552 [main] INFO org.ome.converter.plugin.vsi.OmeZarrV04Writer -- Wrote Zarr v2 pyramid level 0 array metadata (.zarray) to C:\Users\LENOVO\AppData\Local\Temp\junit3875028735007448836\vsi_04.zarr\0\.zarray
00:38:09.553 [main] INFO org.ome.converter.service.validation.OmeZarrComplianceService -- Starting OME-Zarr compliance validation for dataset at C:\Users\LENOVO\AppData\Local\Temp\junit3875028735007448836\vsi_04.zarr
00:38:09.556 [main] INFO org.ome.converter.service.validation.report.ComplianceReportGenerator -- Generated HTML OME-Zarr compliance report at C:\Users\LENOVO\AppData\Local\Temp\junit3875028735007448836\vsi_04.zarr\vsi_04.zarr_compliance_report.html
00:38:09.556 [main] INFO org.ome.converter.service.validation.OmeZarrComplianceService -- Finished compliance check for vsi_04.zarr. Overall Status: PASS, Errors: 0, Warnings: 0, Info: 4
]]></system-out>
  </testcase>
  <testcase name="testVsiToOmeZarr05ConverterComplianceOutput(Path)" classname="org.ome.converter.service.validation.OmeZarrComplianceValidatorTest" time="0.016">
    <system-out><![CDATA[00:38:09.567 [main] INFO org.ome.converter.plugin.vsi.OmeZarrV05Writer -- Initialized OME-Zarr 0.5 (Zarr v3) dataset output directory at: C:\Users\LENOVO\AppData\Local\Temp\junit6089261729165692179\vsi_05.zarr
00:38:09.571 [main] INFO org.ome.converter.plugin.vsi.OmeZarrV05Writer -- Wrote Zarr v3 root node metadata to C:\Users\LENOVO\AppData\Local\Temp\junit6089261729165692179\vsi_05.zarr\zarr.json
00:38:09.572 [main] INFO org.ome.converter.plugin.vsi.OmeZarrV05Writer -- Wrote pyramid level 0 array metadata to C:\Users\LENOVO\AppData\Local\Temp\junit6089261729165692179\vsi_05.zarr\0\zarr.json
00:38:09.572 [main] INFO org.ome.converter.service.validation.OmeZarrComplianceService -- Starting OME-Zarr compliance validation for dataset at C:\Users\LENOVO\AppData\Local\Temp\junit6089261729165692179\vsi_05.zarr
00:38:09.577 [main] INFO org.ome.converter.service.validation.report.ComplianceReportGenerator -- Generated HTML OME-Zarr compliance report at C:\Users\LENOVO\AppData\Local\Temp\junit6089261729165692179\vsi_05.zarr\vsi_05.zarr_compliance_report.html
00:38:09.577 [main] INFO org.ome.converter.service.validation.OmeZarrComplianceService -- Finished compliance check for vsi_05.zarr. Overall Status: PASS, Errors: 0, Warnings: 0, Info: 4
]]></system-out>
  </testcase>
  <testcase name="testInvalidOmeZarrV04MissingDatasetPath(Path)" classname="org.ome.converter.service.validation.OmeZarrComplianceValidatorTest" time="0.014">
    <system-out><![CDATA[00:38:09.585 [main] INFO org.ome.converter.service.validation.OmeZarrComplianceService -- Starting OME-Zarr compliance validation for dataset at C:\Users\LENOVO\AppData\Local\Temp\junit8974196186486029556\invalid_v04.ome.zarr
00:38:09.590 [main] INFO org.ome.converter.service.validation.report.ComplianceReportGenerator -- Generated HTML OME-Zarr compliance report at C:\Users\LENOVO\AppData\Local\Temp\junit8974196186486029556\invalid_v04.ome.zarr\invalid_v04.ome.zarr_compliance_report.html
00:38:09.590 [main] INFO org.ome.converter.service.validation.OmeZarrComplianceService -- Finished compliance check for invalid_v04.ome.zarr. Overall Status: FAIL, Errors: 3, Warnings: 2, Info: 5
]]></system-out>
  </testcase>
</testsuite>